<?xml version="1.0" encoding="UTF-8"?>
<testsuite xmlns:xsi="http://www.w3.org/2001/XMLSchema-instance" xsi:noNamespaceSchemaLocation="https://maven.apache.org/surefire/maven-surefire-plugin/xsd/surefire-test-report-3.0.xsd" version="3.0" name="com.moviecommandservice.MovieCommandServiceApplicationTests" time="7.046" tests="1" errors="0" skipped="0" failures="0">
  <properties>
    <property name="java.specification.version" value="19"/>
    <property name="sun.cpu.isalist" value="amd64"/>
    <property name="sun.jnu.encoding" value="Cp1250"/>
    <property name="java.class.path" value="C:\Users\Admin\Desktop\MovieApp\MovieApp\MovieApp\movie-command-service\target\test-classes;C:\Users\Admin\Desktop\MovieApp\MovieApp\MovieApp\movie-command-service\target\classes;C:\Users\Admin\.m2\repository\org\springframework\boot\spring-boot-starter-web\3.1.2\spring-boot-starter-web-3.1.2.jar;C:\Users\Admin\.m2\repository\org\springframework\boot\spring-boot-starter\3.1.2\spring-boot-starter-3.1.2.jar;C:\Users\Admin\.m2\repository\org\springframework\boot\spring-boot\3.1.2\spring-boot-3.1.2.jar;C:\Users\Admin\.m2\repository\org\springframework\boot\spring-boot-autoconfigure\3.1.2\spring-boot-autoconfigure-3.1.2.jar;C:\Users\Admin\.m2\repository\org\springframework\boot\spring-boot-starter-logging\3.1.2\spring-boot-starter-logging-3.1.2.jar;C:\Users\Admin\.m2\repository\ch\qos\logback\logback-classic\1.4.8\logback-classic-1.4.8.jar;C:\Users\Admin\.m2\repository\ch\qos\logback\logback-core\1.4.8\logback-core-1.4.8.jar;C:\Users\Admin\.m2\repository\org\apache\logging\log4j\log4j-to-slf4j\2.20.0\log4j-to-slf4j-2.20.0.jar;C:\Users\Admin\.m2\repository\org\apache\logging\log4j\log4j-api\2.20.0\log4j-api-2.20.0.jar;C:\Users\Admin\.m2\repository\org\slf4j\jul-to-slf4j\2.0.7\jul-to-slf4j-2.0.7.jar;C:\Users\Admin\.m2\repository\jakarta\annotation\jakarta.annotation-api\2.1.1\jakarta.annotation-api-2.1.1.jar;C:\Users\Admin\.m2\repository\org\yaml\snakeyaml\1.33\snakeyaml-1.33.jar;C:\Users\Admin\.m2\repository\org\springframework\boot\spring-boot-starter-json\3.1.2\spring-boot-starter-json-3.1.2.jar;C:\Users\Admin\.m2\repository\com\fasterxml\jackson\core\jackson-databind\2.15.2\jackson-databind-2.15.2.jar;C:\Users\Admin\.m2\repository\com\fasterxml\jackson\core\jackson-annotations\2.15.2\jackson-annotations-2.15.2.jar;C:\Users\Admin\.m2\repository\com\fasterxml\jackson\core\jackson-core\2.15.2\jackson-core-2.15.2.jar;C:\Users\Admin\.m2\repository\com\fasterxml\jackson\datatype\jackson-datatype-jdk8\2.15.2\jackson-datatype-jdk8-2.15.2.jar;C:\Users\Admin\.m2\repository\com\fasterxml\jackson\datatype\jackson-datatype-jsr310\2.15.2\jackson-datatype-jsr310-2.15.2.jar;C:\Users\Admin\.m2\repository\com\fasterxml\jackson\module\jackson-module-parameter-names\2.15.2\jackson-module-parameter-names-2.15.2.jar;C:\Users\Admin\.m2\repository\org\springframework\boot\spring-boot-starter-tomcat\3.1.2\spring-boot-starter-tomcat-3.1.2.jar;C:\Users\Admin\.m2\repository\org\apache\tomcat\embed\tomcat-embed-core\10.1.11\tomcat-embed-core-10.1.11.jar;C:\Users\Admin\.m2\repository\org\apache\tomcat\embed\tomcat-embed-el\10.1.11\tomcat-embed-el-10.1.11.jar;C:\Users\Admin\.m2\repository\org\apache\tomcat\embed\tomcat-embed-websocket\10.1.11\tomcat-embed-websocket-10.1.11.jar;C:\Users\Admin\.m2\repository\org\springframework\spring-web\6.0.11\spring-web-6.0.11.jar;C:\Users\Admin\.m2\repository\org\springframework\spring-beans\6.0.11\spring-beans-6.0.11.jar;C:\Users\Admin\.m2\repository\org\springframework\spring-webmvc\6.0.11\spring-webmvc-6.0.11.jar;C:\Users\Admin\.m2\repository\org\springframework\spring-expression\6.0.11\spring-expression-6.0.11.jar;C:\Users\Admin\.m2\repository\org\springframework\boot\spring-boot-starter-data-jpa\3.1.2\spring-boot-starter-data-jpa-3.1.2.jar;C:\Users\Admin\.m2\repository\org\springframework\boot\spring-boot-starter-aop\3.1.2\spring-boot-starter-aop-3.1.2.jar;C:\Users\Admin\.m2\repository\org\aspectj\aspectjweaver\1.9.19\aspectjweaver-1.9.19.jar;C:\Users\Admin\.m2\repository\org\springframework\boot\spring-boot-starter-jdbc\3.1.2\spring-boot-starter-jdbc-3.1.2.jar;C:\Users\Admin\.m2\repository\com\zaxxer\HikariCP\5.0.1\HikariCP-5.0.1.jar;C:\Users\Admin\.m2\repository\org\springframework\spring-jdbc\6.0.11\spring-jdbc-6.0.11.jar;C:\Users\Admin\.m2\repository\org\springframework\data\spring-data-jpa\3.1.2\spring-data-jpa-3.1.2.jar;C:\Users\Admin\.m2\repository\org\springframework\data\spring-data-commons\3.1.2\spring-data-commons-3.1.2.jar;C:\Users\Admin\.m2\repository\org\springframework\spring-orm\6.0.11\spring-orm-6.0.11.jar;C:\Users\Admin\.m2\repository\org\slf4j\slf4j-api\2.0.7\slf4j-api-2.0.7.jar;C:\Users\Admin\.m2\repository\org\springframework\spring-aspects\6.0.11\spring-aspects-6.0.11.jar;C:\Users\Admin\.m2\repository\org\springframework\kafka\spring-kafka\3.0.9\spring-kafka-3.0.9.jar;C:\Users\Admin\.m2\repository\org\springframework\spring-context\6.0.11\spring-context-6.0.11.jar;C:\Users\Admin\.m2\repository\org\springframework\spring-messaging\6.0.11\spring-messaging-6.0.11.jar;C:\Users\Admin\.m2\repository\org\springframework\spring-tx\6.0.11\spring-tx-6.0.11.jar;C:\Users\Admin\.m2\repository\org\springframework\retry\spring-retry\2.0.2\spring-retry-2.0.2.jar;C:\Users\Admin\.m2\repository\org\apache\kafka\kafka-clients\3.4.1\kafka-clients-3.4.1.jar;C:\Users\Admin\.m2\repository\com\github\luben\zstd-jni\1.5.2-1\zstd-jni-1.5.2-1.jar;C:\Users\Admin\.m2\repository\org\lz4\lz4-java\1.8.0\lz4-java-1.8.0.jar;C:\Users\Admin\.m2\repository\org\xerial\snappy\snappy-java\1.1.8.4\snappy-java-1.1.8.4.jar;C:\Users\Admin\.m2\repository\io\micrometer\micrometer-observation\1.11.2\micrometer-observation-1.11.2.jar;C:\Users\Admin\.m2\repository\io\micrometer\micrometer-commons\1.11.2\micrometer-commons-1.11.2.jar;C:\Users\Admin\.m2\repository\com\google\code\findbugs\jsr305\3.0.2\jsr305-3.0.2.jar;C:\Users\Admin\.m2\repository\org\springframework\boot\spring-boot-starter-oauth2-resource-server\3.1.2\spring-boot-starter-oauth2-resource-server-3.1.2.jar;C:\Users\Admin\.m2\repository\org\springframework\security\spring-security-config\6.1.2\spring-security-config-6.1.2.jar;C:\Users\Admin\.m2\repository\org\springframework\security\spring-security-core\6.1.2\spring-security-core-6.1.2.jar;C:\Users\Admin\.m2\repository\org\springframework\security\spring-security-crypto\6.1.2\spring-security-crypto-6.1.2.jar;C:\Users\Admin\.m2\repository\org\springframework\security\spring-security-oauth2-resource-server\6.1.2\spring-security-oauth2-resource-server-6.1.2.jar;C:\Users\Admin\.m2\repository\org\springframework\security\spring-security-oauth2-core\6.1.2\spring-security-oauth2-core-6.1.2.jar;C:\Users\Admin\.m2\repository\org\springframework\security\spring-security-oauth2-jose\6.1.2\spring-security-oauth2-jose-6.1.2.jar;C:\Users\Admin\.m2\repository\com\nimbusds\nimbus-jose-jwt\9.31\nimbus-jose-jwt-9.31.jar;C:\Users\Admin\.m2\repository\com\github\stephenc\jcip\jcip-annotations\1.0-1\jcip-annotations-1.0-1.jar;C:\Users\Admin\.m2\repository\org\springframework\boot\spring-boot-starter-security\3.1.2\spring-boot-starter-security-3.1.2.jar;C:\Users\Admin\.m2\repository\org\springframework\spring-aop\6.0.11\spring-aop-6.0.11.jar;C:\Users\Admin\.m2\repository\org\springframework\security\spring-security-web\6.1.2\spring-security-web-6.1.2.jar;C:\Users\Admin\.m2\repository\org\postgresql\postgresql\42.6.0\postgresql-42.6.0.jar;C:\Users\Admin\.m2\repository\org\checkerframework\checker-qual\3.31.0\checker-qual-3.31.0.jar;C:\Users\Admin\.m2\repository\org\springframework\boot\spring-boot-starter-webflux\3.1.2\spring-boot-starter-webflux-3.1.2.jar;C:\Users\Admin\.m2\repository\org\springframework\boot\spring-boot-starter-reactor-netty\3.1.2\spring-boot-starter-reactor-netty-3.1.2.jar;C:\Users\Admin\.m2\repository\io\projectreactor\netty\reactor-netty-http\1.1.9\reactor-netty-http-1.1.9.jar;C:\Users\Admin\.m2\repository\io\netty\netty-codec-http\4.1.94.Final\netty-codec-http-4.1.94.Final.jar;C:\Users\Admin\.m2\repository\io\netty\netty-common\4.1.94.Final\netty-common-4.1.94.Final.jar;C:\Users\Admin\.m2\repository\io\netty\netty-buffer\4.1.94.Final\netty-buffer-4.1.94.Final.jar;C:\Users\Admin\.m2\repository\io\netty\netty-transport\4.1.94.Final\netty-transport-4.1.94.Final.jar;C:\Users\Admin\.m2\repository\io\netty\netty-codec\4.1.94.Final\netty-codec-4.1.94.Final.jar;C:\Users\Admin\.m2\repository\io\netty\netty-handler\4.1.94.Final\netty-handler-4.1.94.Final.jar;C:\Users\Admin\.m2\repository\io\netty\netty-codec-http2\4.1.94.Final\netty-codec-http2-4.1.94.Final.jar;C:\Users\Admin\.m2\repository\io\netty\netty-resolver-dns\4.1.94.Final\netty-resolver-dns-4.1.94.Final.jar;C:\Users\Admin\.m2\repository\io\netty\netty-resolver\4.1.94.Final\netty-resolver-4.1.94.Final.jar;C:\Users\Admin\.m2\repository\io\netty\netty-codec-dns\4.1.94.Final\netty-codec-dns-4.1.94.Final.jar;C:\Users\Admin\.m2\repository\io\netty\netty-resolver-dns-native-macos\4.1.94.Final\netty-resolver-dns-native-macos-4.1.94.Final-osx-x86_64.jar;C:\Users\Admin\.m2\repository\io\netty\netty-resolver-dns-classes-macos\4.1.94.Final\netty-resolver-dns-classes-macos-4.1.94.Final.jar;C:\Users\Admin\.m2\repository\io\netty\netty-transport-native-epoll\4.1.94.Final\netty-transport-native-epoll-4.1.94.Final-linux-x86_64.jar;C:\Users\Admin\.m2\repository\io\netty\netty-transport-native-unix-common\4.1.94.Final\netty-transport-native-unix-common-4.1.94.Final.jar;C:\Users\Admin\.m2\repository\io\netty\netty-transport-classes-epoll\4.1.94.Final\netty-transport-classes-epoll-4.1.94.Final.jar;C:\Users\Admin\.m2\repository\io\projectreactor\netty\reactor-netty-core\1.1.9\reactor-netty-core-1.1.9.jar;C:\Users\Admin\.m2\repository\io\netty\netty-handler-proxy\4.1.94.Final\netty-handler-proxy-4.1.94.Final.jar;C:\Users\Admin\.m2\repository\io\netty\netty-codec-socks\4.1.94.Final\netty-codec-socks-4.1.94.Final.jar;C:\Users\Admin\.m2\repository\org\springframework\spring-webflux\6.0.11\spring-webflux-6.0.11.jar;C:\Users\Admin\.m2\repository\io\projectreactor\reactor-core\3.5.8\reactor-core-3.5.8.jar;C:\Users\Admin\.m2\repository\org\reactivestreams\reactive-streams\1.0.4\reactive-streams-1.0.4.jar;C:\Users\Admin\.m2\repository\org\projectlombok\lombok\1.18.28\lombok-1.18.28.jar;C:\Users\Admin\.m2\repository\org\springframework\boot\spring-boot-starter-test\3.1.2\spring-boot-starter-test-3.1.2.jar;C:\Users\Admin\.m2\repository\org\springframework\boot\spring-boot-test\3.1.2\spring-boot-test-3.1.2.jar;C:\Users\Admin\.m2\repository\org\springframework\boot\spring-boot-test-autoconfigure\3.1.2\spring-boot-test-autoconfigure-3.1.2.jar;C:\Users\Admin\.m2\repository\com\jayway\jsonpath\json-path\2.8.0\json-path-2.8.0.jar;C:\Users\Admin\.m2\repository\jakarta\xml\bind\jakarta.xml.bind-api\4.0.0\jakarta.xml.bind-api-4.0.0.jar;C:\Users\Admin\.m2\repository\jakarta\activation\jakarta.activation-api\2.1.2\jakarta.activation-api-2.1.2.jar;C:\Users\Admin\.m2\repository\net\minidev\json-smart\2.4.11\json-smart-2.4.11.jar;C:\Users\Admin\.m2\repository\net\minidev\accessors-smart\2.4.11\accessors-smart-2.4.11.jar;C:\Users\Admin\.m2\repository\org\ow2\asm\asm\9.3\asm-9.3.jar;C:\Users\Admin\.m2\repository\org\assertj\assertj-core\3.24.2\assertj-core-3.24.2.jar;C:\Users\Admin\.m2\repository\org\hamcrest\hamcrest\2.2\hamcrest-2.2.jar;C:\Users\Admin\.m2\repository\org\junit\jupiter\junit-jupiter\5.9.3\junit-jupiter-5.9.3.jar;C:\Users\Admin\.m2\repository\org\junit\jupiter\junit-jupiter-api\5.9.3\junit-jupiter-api-5.9.3.jar;C:\Users\Admin\.m2\repository\org\opentest4j\opentest4j\1.2.0\opentest4j-1.2.0.jar;C:\Users\Admin\.m2\repository\org\junit\platform\junit-platform-commons\1.9.3\junit-platform-commons-1.9.3.jar;C:\Users\Admin\.m2\repository\org\apiguardian\apiguardian-api\1.1.2\apiguardian-api-1.1.2.jar;C:\Users\Admin\.m2\repository\org\junit\jupiter\junit-jupiter-params\5.9.3\junit-jupiter-params-5.9.3.jar;C:\Users\Admin\.m2\repository\org\junit\jupiter\junit-jupiter-engine\5.9.3\junit-jupiter-engine-5.9.3.jar;C:\Users\Admin\.m2\repository\org\junit\platform\junit-platform-engine\1.9.3\junit-platform-engine-1.9.3.jar;C:\Users\Admin\.m2\repository\org\mockito\mockito-core\5.3.1\mockito-core-5.3.1.jar;C:\Users\Admin\.m2\repository\net\bytebuddy\byte-buddy-agent\1.14.5\byte-buddy-agent-1.14.5.jar;C:\Users\Admin\.m2\repository\org\objenesis\objenesis\3.3\objenesis-3.3.jar;C:\Users\Admin\.m2\repository\org\mockito\mockito-junit-jupiter\5.3.1\mockito-junit-jupiter-5.3.1.jar;C:\Users\Admin\.m2\repository\org\skyscreamer\jsonassert\1.5.1\jsonassert-1.5.1.jar;C:\Users\Admin\.m2\repository\com\vaadin\external\google\android-json\0.0.20131108.vaadin1\android-json-0.0.20131108.vaadin1.jar;C:\Users\Admin\.m2\repository\org\springframework\spring-core\6.0.11\spring-core-6.0.11.jar;C:\Users\Admin\.m2\repository\org\springframework\spring-jcl\6.0.11\spring-jcl-6.0.11.jar;C:\Users\Admin\.m2\repository\org\springframework\spring-test\6.0.11\spring-test-6.0.11.jar;C:\Users\Admin\.m2\repository\org\xmlunit\xmlunit-core\2.9.1\xmlunit-core-2.9.1.jar;C:\Users\Admin\.m2\repository\nz\net\ultraq\thymeleaf\thymeleaf-layout-dialect\3.1.0\thymeleaf-layout-dialect-3.1.0.jar;C:\Users\Admin\.m2\repository\org\apache\groovy\groovy\4.0.13\groovy-4.0.13.jar;C:\Users\Admin\.m2\repository\nz\net\ultraq\groovy\groovy-extensions\2.0.0\groovy-extensions-2.0.0.jar;C:\Users\Admin\.m2\repository\nz\net\ultraq\thymeleaf\thymeleaf-expression-processor\3.1.0\thymeleaf-expression-processor-3.1.0.jar;C:\Users\Admin\.m2\repository\org\thymeleaf\thymeleaf\3.1.1.RELEASE\thymeleaf-3.1.1.RELEASE.jar;C:\Users\Admin\.m2\repository\ognl\ognl\3.3.4\ognl-3.3.4.jar;C:\Users\Admin\.m2\repository\org\javassist\javassist\3.29.0-GA\javassist-3.29.0-GA.jar;C:\Users\Admin\.m2\repository\org\attoparser\attoparser\2.0.6.RELEASE\attoparser-2.0.6.RELEASE.jar;C:\Users\Admin\.m2\repository\org\unbescape\unbescape\1.1.6.RELEASE\unbescape-1.1.6.RELEASE.jar;C:\Users\Admin\.m2\repository\org\hibernate\orm\hibernate-core\6.2.6.Final\hibernate-core-6.2.6.Final.jar;C:\Users\Admin\.m2\repository\jakarta\persistence\jakarta.persistence-api\3.1.0\jakarta.persistence-api-3.1.0.jar;C:\Users\Admin\.m2\repository\jakarta\transaction\jakarta.transaction-api\2.0.1\jakarta.transaction-api-2.0.1.jar;C:\Users\Admin\.m2\repository\org\jboss\logging\jboss-logging\3.5.3.Final\jboss-logging-3.5.3.Final.jar;C:\Users\Admin\.m2\repository\org\hibernate\common\hibernate-commons-annotations\6.0.6.Final\hibernate-commons-annotations-6.0.6.Final.jar;C:\Users\Admin\.m2\repository\io\smallrye\jandex\3.0.5\jandex-3.0.5.jar;C:\Users\Admin\.m2\repository\com\fasterxml\classmate\1.5.1\classmate-1.5.1.jar;C:\Users\Admin\.m2\repository\net\bytebuddy\byte-buddy\1.14.5\byte-buddy-1.14.5.jar;C:\Users\Admin\.m2\repository\org\glassfish\jaxb\jaxb-runtime\4.0.3\jaxb-runtime-4.0.3.jar;C:\Users\Admin\.m2\repository\org\glassfish\jaxb\jaxb-core\4.0.3\jaxb-core-4.0.3.jar;C:\Users\Admin\.m2\repository\org\eclipse\angus\angus-activation\2.0.1\angus-activation-2.0.1.jar;C:\Users\Admin\.m2\repository\org\glassfish\jaxb\txw2\4.0.3\txw2-4.0.3.jar;C:\Users\Admin\.m2\repository\com\sun\istack\istack-commons-runtime\4.1.2\istack-commons-runtime-4.1.2.jar;C:\Users\Admin\.m2\repository\jakarta\inject\jakarta.inject-api\2.0.1\jakarta.inject-api-2.0.1.jar;C:\Users\Admin\.m2\repository\org\antlr\antlr4-runtime\4.10.1\antlr4-runtime-4.10.1.jar;"/>
    <property name="java.vm.vendor" value="Amazon.com Inc."/>
    <property name="sun.arch.data.model" value="64"/>
    <property name="user.variant" value=""/>
    <property name="java.vendor.url" value="https://aws.amazon.com/corretto/"/>
    <property name="user.timezone" value="Europe/Warsaw"/>
    <property name="org.jboss.logging.provider" value="slf4j"/>
    <property name="os.name" value="Windows 10"/>
    <property name="java.vm.specification.version" value="19"/>
    <property name="sun.java.launcher" value="SUN_STANDARD"/>
    <property name="user.country" value="PL"/>
    <property name="sun.boot.library.path" value="C:\Users\Admin\.jdks\corretto-19.0.2\bin"/>
    <property name="sun.java.command" value="C:\Users\Admin\AppData\Local\Temp\surefire4697229180801815822\surefirebooter-20240219205340993_3.jar C:\Users\Admin\AppData\Local\Temp\surefire4697229180801815822 2024-02-19T20-53-40_665-jvmRun1 surefire-20240219205340993_1tmp surefire_0-20240219205340993_2tmp"/>
    <property name="jdk.debug" value="release"/>
    <property name="surefire.test.class.path" value="C:\Users\Admin\Desktop\MovieApp\MovieApp\MovieApp\movie-command-service\target\test-classes;C:\Users\Admin\Desktop\MovieApp\MovieApp\MovieApp\movie-command-service\target\classes;C:\Users\Admin\.m2\repository\org\springframework\boot\spring-boot-starter-web\3.1.2\spring-boot-starter-web-3.1.2.jar;C:\Users\Admin\.m2\repository\org\springframework\boot\spring-boot-starter\3.1.2\spring-boot-starter-3.1.2.jar;C:\Users\Admin\.m2\repository\org\springframework\boot\spring-boot\3.1.2\spring-boot-3.1.2.jar;C:\Users\Admin\.m2\repository\org\springframework\boot\spring-boot-autoconfigure\3.1.2\spring-boot-autoconfigure-3.1.2.jar;C:\Users\Admin\.m2\repository\org\springframework\boot\spring-boot-starter-logging\3.1.2\spring-boot-starter-logging-3.1.2.jar;C:\Users\Admin\.m2\repository\ch\qos\logback\logback-classic\1.4.8\logback-classic-1.4.8.jar;C:\Users\Admin\.m2\repository\ch\qos\logback\logback-core\1.4.8\logback-core-1.4.8.jar;C:\Users\Admin\.m2\repository\org\apache\logging\log4j\log4j-to-slf4j\2.20.0\log4j-to-slf4j-2.20.0.jar;C:\Users\Admin\.m2\repository\org\apache\logging\log4j\log4j-api\2.20.0\log4j-api-2.20.0.jar;C:\Users\Admin\.m2\repository\org\slf4j\jul-to-slf4j\2.0.7\jul-to-slf4j-2.0.7.jar;C:\Users\Admin\.m2\repository\jakarta\annotation\jakarta.annotation-api\2.1.1\jakarta.annotation-api-2.1.1.jar;C:\Users\Admin\.m2\repository\org\yaml\snakeyaml\1.33\snakeyaml-1.33.jar;C:\Users\Admin\.m2\repository\org\springframework\boot\spring-boot-starter-json\3.1.2\spring-boot-starter-json-3.1.2.jar;C:\Users\Admin\.m2\repository\com\fasterxml\jackson\core\jackson-databind\2.15.2\jackson-databind-2.15.2.jar;C:\Users\Admin\.m2\repository\com\fasterxml\jackson\core\jackson-annotations\2.15.2\jackson-annotations-2.15.2.jar;C:\Users\Admin\.m2\repository\com\fasterxml\jackson\core\jackson-core\2.15.2\jackson-core-2.15.2.jar;C:\Users\Admin\.m2\repository\com\fasterxml\jackson\datatype\jackson-datatype-jdk8\2.15.2\jackson-datatype-jdk8-2.15.2.jar;C:\Users\Admin\.m2\repository\com\fasterxml\jackson\datatype\jackson-datatype-jsr310\2.15.2\jackson-datatype-jsr310-2.15.2.jar;C:\Users\Admin\.m2\repository\com\fasterxml\jackson\module\jackson-module-parameter-names\2.15.2\jackson-module-parameter-names-2.15.2.jar;C:\Users\Admin\.m2\repository\org\springframework\boot\spring-boot-starter-tomcat\3.1.2\spring-boot-starter-tomcat-3.1.2.jar;C:\Users\Admin\.m2\repository\org\apache\tomcat\embed\tomcat-embed-core\10.1.11\tomcat-embed-core-10.1.11.jar;C:\Users\Admin\.m2\repository\org\apache\tomcat\embed\tomcat-embed-el\10.1.11\tomcat-embed-el-10.1.11.jar;C:\Users\Admin\.m2\repository\org\apache\tomcat\embed\tomcat-embed-websocket\10.1.11\tomcat-embed-websocket-10.1.11.jar;C:\Users\Admin\.m2\repository\org\springframework\spring-web\6.0.11\spring-web-6.0.11.jar;C:\Users\Admin\.m2\repository\org\springframework\spring-beans\6.0.11\spring-beans-6.0.11.jar;C:\Users\Admin\.m2\repository\org\springframework\spring-webmvc\6.0.11\spring-webmvc-6.0.11.jar;C:\Users\Admin\.m2\repository\org\springframework\spring-expression\6.0.11\spring-expression-6.0.11.jar;C:\Users\Admin\.m2\repository\org\springframework\boot\spring-boot-starter-data-jpa\3.1.2\spring-boot-starter-data-jpa-3.1.2.jar;C:\Users\Admin\.m2\repository\org\springframework\boot\spring-boot-starter-aop\3.1.2\spring-boot-starter-aop-3.1.2.jar;C:\Users\Admin\.m2\repository\org\aspectj\aspectjweaver\1.9.19\aspectjweaver-1.9.19.jar;C:\Users\Admin\.m2\repository\org\springframework\boot\spring-boot-starter-jdbc\3.1.2\spring-boot-starter-jdbc-3.1.2.jar;C:\Users\Admin\.m2\repository\com\zaxxer\HikariCP\5.0.1\HikariCP-5.0.1.jar;C:\Users\Admin\.m2\repository\org\springframework\spring-jdbc\6.0.11\spring-jdbc-6.0.11.jar;C:\Users\Admin\.m2\repository\org\springframework\data\spring-data-jpa\3.1.2\spring-data-jpa-3.1.2.jar;C:\Users\Admin\.m2\repository\org\springframework\data\spring-data-commons\3.1.2\spring-data-commons-3.1.2.jar;C:\Users\Admin\.m2\repository\org\springframework\spring-orm\6.0.11\spring-orm-6.0.11.jar;C:\Users\Admin\.m2\repository\org\slf4j\slf4j-api\2.0.7\slf4j-api-2.0.7.jar;C:\Users\Admin\.m2\repository\org\springframework\spring-aspects\6.0.11\spring-aspects-6.0.11.jar;C:\Users\Admin\.m2\repository\org\springframework\kafka\spring-kafka\3.0.9\spring-kafka-3.0.9.jar;C:\Users\Admin\.m2\repository\org\springframework\spring-context\6.0.11\spring-context-6.0.11.jar;C:\Users\Admin\.m2\repository\org\springframework\spring-messaging\6.0.11\spring-messaging-6.0.11.jar;C:\Users\Admin\.m2\repository\org\springframework\spring-tx\6.0.11\spring-tx-6.0.11.jar;C:\Users\Admin\.m2\repository\org\springframework\retry\spring-retry\2.0.2\spring-retry-2.0.2.jar;C:\Users\Admin\.m2\repository\org\apache\kafka\kafka-clients\3.4.1\kafka-clients-3.4.1.jar;C:\Users\Admin\.m2\repository\com\github\luben\zstd-jni\1.5.2-1\zstd-jni-1.5.2-1.jar;C:\Users\Admin\.m2\repository\org\lz4\lz4-java\1.8.0\lz4-java-1.8.0.jar;C:\Users\Admin\.m2\repository\org\xerial\snappy\snappy-java\1.1.8.4\snappy-java-1.1.8.4.jar;C:\Users\Admin\.m2\repository\io\micrometer\micrometer-observation\1.11.2\micrometer-observation-1.11.2.jar;C:\Users\Admin\.m2\repository\io\micrometer\micrometer-commons\1.11.2\micrometer-commons-1.11.2.jar;C:\Users\Admin\.m2\repository\com\google\code\findbugs\jsr305\3.0.2\jsr305-3.0.2.jar;C:\Users\Admin\.m2\repository\org\springframework\boot\spring-boot-starter-oauth2-resource-server\3.1.2\spring-boot-starter-oauth2-resource-server-3.1.2.jar;C:\Users\Admin\.m2\repository\org\springframework\security\spring-security-config\6.1.2\spring-security-config-6.1.2.jar;C:\Users\Admin\.m2\repository\org\springframework\security\spring-security-core\6.1.2\spring-security-core-6.1.2.jar;C:\Users\Admin\.m2\repository\org\springframework\security\spring-security-crypto\6.1.2\spring-security-crypto-6.1.2.jar;C:\Users\Admin\.m2\repository\org\springframework\security\spring-security-oauth2-resource-server\6.1.2\spring-security-oauth2-resource-server-6.1.2.jar;C:\Users\Admin\.m2\repository\org\springframework\security\spring-security-oauth2-core\6.1.2\spring-security-oauth2-core-6.1.2.jar;C:\Users\Admin\.m2\repository\org\springframework\security\spring-security-oauth2-jose\6.1.2\spring-security-oauth2-jose-6.1.2.jar;C:\Users\Admin\.m2\repository\com\nimbusds\nimbus-jose-jwt\9.31\nimbus-jose-jwt-9.31.jar;C:\Users\Admin\.m2\repository\com\github\stephenc\jcip\jcip-annotations\1.0-1\jcip-annotations-1.0-1.jar;C:\Users\Admin\.m2\repository\org\springframework\boot\spring-boot-starter-security\3.1.2\spring-boot-starter-security-3.1.2.jar;C:\Users\Admin\.m2\repository\org\springframework\spring-aop\6.0.11\spring-aop-6.0.11.jar;C:\Users\Admin\.m2\repository\org\springframework\security\spring-security-web\6.1.2\spring-security-web-6.1.2.jar;C:\Users\Admin\.m2\repository\org\postgresql\postgresql\42.6.0\postgresql-42.6.0.jar;C:\Users\Admin\.m2\repository\org\checkerframework\checker-qual\3.31.0\checker-qual-3.31.0.jar;C:\Users\Admin\.m2\repository\org\springframework\boot\spring-boot-starter-webflux\3.1.2\spring-boot-starter-webflux-3.1.2.jar;C:\Users\Admin\.m2\repository\org\springframework\boot\spring-boot-starter-reactor-netty\3.1.2\spring-boot-starter-reactor-netty-3.1.2.jar;C:\Users\Admin\.m2\repository\io\projectreactor\netty\reactor-netty-http\1.1.9\reactor-netty-http-1.1.9.jar;C:\Users\Admin\.m2\repository\io\netty\netty-codec-http\4.1.94.Final\netty-codec-http-4.1.94.Final.jar;C:\Users\Admin\.m2\repository\io\netty\netty-common\4.1.94.Final\netty-common-4.1.94.Final.jar;C:\Users\Admin\.m2\repository\io\netty\netty-buffer\4.1.94.Final\netty-buffer-4.1.94.Final.jar;C:\Users\Admin\.m2\repository\io\netty\netty-transport\4.1.94.Final\netty-transport-4.1.94.Final.jar;C:\Users\Admin\.m2\repository\io\netty\netty-codec\4.1.94.Final\netty-codec-4.1.94.Final.jar;C:\Users\Admin\.m2\repository\io\netty\netty-handler\4.1.94.Final\netty-handler-4.1.94.Final.jar;C:\Users\Admin\.m2\repository\io\netty\netty-codec-http2\4.1.94.Final\netty-codec-http2-4.1.94.Final.jar;C:\Users\Admin\.m2\repository\io\netty\netty-resolver-dns\4.1.94.Final\netty-resolver-dns-4.1.94.Final.jar;C:\Users\Admin\.m2\repository\io\netty\netty-resolver\4.1.94.Final\netty-resolver-4.1.94.Final.jar;C:\Users\Admin\.m2\repository\io\netty\netty-codec-dns\4.1.94.Final\netty-codec-dns-4.1.94.Final.jar;C:\Users\Admin\.m2\repository\io\netty\netty-resolver-dns-native-macos\4.1.94.Final\netty-resolver-dns-native-macos-4.1.94.Final-osx-x86_64.jar;C:\Users\Admin\.m2\repository\io\netty\netty-resolver-dns-classes-macos\4.1.94.Final\netty-resolver-dns-classes-macos-4.1.94.Final.jar;C:\Users\Admin\.m2\repository\io\netty\netty-transport-native-epoll\4.1.94.Final\netty-transport-native-epoll-4.1.94.Final-linux-x86_64.jar;C:\Users\Admin\.m2\repository\io\netty\netty-transport-native-unix-common\4.1.94.Final\netty-transport-native-unix-common-4.1.94.Final.jar;C:\Users\Admin\.m2\repository\io\netty\netty-transport-classes-epoll\4.1.94.Final\netty-transport-classes-epoll-4.1.94.Final.jar;C:\Users\Admin\.m2\repository\io\projectreactor\netty\reactor-netty-core\1.1.9\reactor-netty-core-1.1.9.jar;C:\Users\Admin\.m2\repository\io\netty\netty-handler-proxy\4.1.94.Final\netty-handler-proxy-4.1.94.Final.jar;C:\Users\Admin\.m2\repository\io\netty\netty-codec-socks\4.1.94.Final\netty-codec-socks-4.1.94.Final.jar;C:\Users\Admin\.m2\repository\org\springframework\spring-webflux\6.0.11\spring-webflux-6.0.11.jar;C:\Users\Admin\.m2\repository\io\projectreactor\reactor-core\3.5.8\reactor-core-3.5.8.jar;C:\Users\Admin\.m2\repository\org\reactivestreams\reactive-streams\1.0.4\reactive-streams-1.0.4.jar;C:\Users\Admin\.m2\repository\org\projectlombok\lombok\1.18.28\lombok-1.18.28.jar;C:\Users\Admin\.m2\repository\org\springframework\boot\spring-boot-starter-test\3.1.2\spring-boot-starter-test-3.1.2.jar;C:\Users\Admin\.m2\repository\org\springframework\boot\spring-boot-test\3.1.2\spring-boot-test-3.1.2.jar;C:\Users\Admin\.m2\repository\org\springframework\boot\spring-boot-test-autoconfigure\3.1.2\spring-boot-test-autoconfigure-3.1.2.jar;C:\Users\Admin\.m2\repository\com\jayway\jsonpath\json-path\2.8.0\json-path-2.8.0.jar;C:\Users\Admin\.m2\repository\jakarta\xml\bind\jakarta.xml.bind-api\4.0.0\jakarta.xml.bind-api-4.0.0.jar;C:\Users\Admin\.m2\repository\jakarta\activation\jakarta.activation-api\2.1.2\jakarta.activation-api-2.1.2.jar;C:\Users\Admin\.m2\repository\net\minidev\json-smart\2.4.11\json-smart-2.4.11.jar;C:\Users\Admin\.m2\repository\net\minidev\accessors-smart\2.4.11\accessors-smart-2.4.11.jar;C:\Users\Admin\.m2\repository\org\ow2\asm\asm\9.3\asm-9.3.jar;C:\Users\Admin\.m2\repository\org\assertj\assertj-core\3.24.2\assertj-core-3.24.2.jar;C:\Users\Admin\.m2\repository\org\hamcrest\hamcrest\2.2\hamcrest-2.2.jar;C:\Users\Admin\.m2\repository\org\junit\jupiter\junit-jupiter\5.9.3\junit-jupiter-5.9.3.jar;C:\Users\Admin\.m2\repository\org\junit\jupiter\junit-jupiter-api\5.9.3\junit-jupiter-api-5.9.3.jar;C:\Users\Admin\.m2\repository\org\opentest4j\opentest4j\1.2.0\opentest4j-1.2.0.jar;C:\Users\Admin\.m2\repository\org\junit\platform\junit-platform-commons\1.9.3\junit-platform-commons-1.9.3.jar;C:\Users\Admin\.m2\repository\org\apiguardian\apiguardian-api\1.1.2\apiguardian-api-1.1.2.jar;C:\Users\Admin\.m2\repository\org\junit\jupiter\junit-jupiter-params\5.9.3\junit-jupiter-params-5.9.3.jar;C:\Users\Admin\.m2\repository\org\junit\jupiter\junit-jupiter-engine\5.9.3\junit-jupiter-engine-5.9.3.jar;C:\Users\Admin\.m2\repository\org\junit\platform\junit-platform-engine\1.9.3\junit-platform-engine-1.9.3.jar;C:\Users\Admin\.m2\repository\org\mockito\mockito-core\5.3.1\mockito-core-5.3.1.jar;C:\Users\Admin\.m2\repository\net\bytebuddy\byte-buddy-agent\1.14.5\byte-buddy-agent-1.14.5.jar;C:\Users\Admin\.m2\repository\org\objenesis\objenesis\3.3\objenesis-3.3.jar;C:\Users\Admin\.m2\repository\org\mockito\mockito-junit-jupiter\5.3.1\mockito-junit-jupiter-5.3.1.jar;C:\Users\Admin\.m2\repository\org\skyscreamer\jsonassert\1.5.1\jsonassert-1.5.1.jar;C:\Users\Admin\.m2\repository\com\vaadin\external\google\android-json\0.0.20131108.vaadin1\android-json-0.0.20131108.vaadin1.jar;C:\Users\Admin\.m2\repository\org\springframework\spring-core\6.0.11\spring-core-6.0.11.jar;C:\Users\Admin\.m2\repository\org\springframework\spring-jcl\6.0.11\spring-jcl-6.0.11.jar;C:\Users\Admin\.m2\repository\org\springframework\spring-test\6.0.11\spring-test-6.0.11.jar;C:\Users\Admin\.m2\repository\org\xmlunit\xmlunit-core\2.9.1\xmlunit-core-2.9.1.jar;C:\Users\Admin\.m2\repository\nz\net\ultraq\thymeleaf\thymeleaf-layout-dialect\3.1.0\thymeleaf-layout-dialect-3.1.0.jar;C:\Users\Admin\.m2\repository\org\apache\groovy\groovy\4.0.13\groovy-4.0.13.jar;C:\Users\Admin\.m2\repository\nz\net\ultraq\groovy\groovy-extensions\2.0.0\groovy-extensions-2.0.0.jar;C:\Users\Admin\.m2\repository\nz\net\ultraq\thymeleaf\thymeleaf-expression-processor\3.1.0\thymeleaf-expression-processor-3.1.0.jar;C:\Users\Admin\.m2\repository\org\thymeleaf\thymeleaf\3.1.1.RELEASE\thymeleaf-3.1.1.RELEASE.jar;C:\Users\Admin\.m2\repository\ognl\ognl\3.3.4\ognl-3.3.4.jar;C:\Users\Admin\.m2\repository\org\javassist\javassist\3.29.0-GA\javassist-3.29.0-GA.jar;C:\Users\Admin\.m2\repository\org\attoparser\attoparser\2.0.6.RELEASE\attoparser-2.0.6.RELEASE.jar;C:\Users\Admin\.m2\repository\org\unbescape\unbescape\1.1.6.RELEASE\unbescape-1.1.6.RELEASE.jar;C:\Users\Admin\.m2\repository\org\hibernate\orm\hibernate-core\6.2.6.Final\hibernate-core-6.2.6.Final.jar;C:\Users\Admin\.m2\repository\jakarta\persistence\jakarta.persistence-api\3.1.0\jakarta.persistence-api-3.1.0.jar;C:\Users\Admin\.m2\repository\jakarta\transaction\jakarta.transaction-api\2.0.1\jakarta.transaction-api-2.0.1.jar;C:\Users\Admin\.m2\repository\org\jboss\logging\jboss-logging\3.5.3.Final\jboss-logging-3.5.3.Final.jar;C:\Users\Admin\.m2\repository\org\hibernate\common\hibernate-commons-annotations\6.0.6.Final\hibernate-commons-annotations-6.0.6.Final.jar;C:\Users\Admin\.m2\repository\io\smallrye\jandex\3.0.5\jandex-3.0.5.jar;C:\Users\Admin\.m2\repository\com\fasterxml\classmate\1.5.1\classmate-1.5.1.jar;C:\Users\Admin\.m2\repository\net\bytebuddy\byte-buddy\1.14.5\byte-buddy-1.14.5.jar;C:\Users\Admin\.m2\repository\org\glassfish\jaxb\jaxb-runtime\4.0.3\jaxb-runtime-4.0.3.jar;C:\Users\Admin\.m2\repository\org\glassfish\jaxb\jaxb-core\4.0.3\jaxb-core-4.0.3.jar;C:\Users\Admin\.m2\repository\org\eclipse\angus\angus-activation\2.0.1\angus-activation-2.0.1.jar;C:\Users\Admin\.m2\repository\org\glassfish\jaxb\txw2\4.0.3\txw2-4.0.3.jar;C:\Users\Admin\.m2\repository\com\sun\istack\istack-commons-runtime\4.1.2\istack-commons-runtime-4.1.2.jar;C:\Users\Admin\.m2\repository\jakarta\inject\jakarta.inject-api\2.0.1\jakarta.inject-api-2.0.1.jar;C:\Users\Admin\.m2\repository\org\antlr\antlr4-runtime\4.10.1\antlr4-runtime-4.10.1.jar;"/>
    <property name="sun.cpu.endian" value="little"/>
    <property name="user.home" value="C:\Users\Admin"/>
    <property name="user.language" value="pl"/>
    <property name="java.specification.vendor" value="Oracle Corporation"/>
    <property name="java.version.date" value="2023-01-17"/>
    <property name="java.home" value="C:\Users\Admin\.jdks\corretto-19.0.2"/>
    <property name="file.separator" value="\"/>
    <property name="basedir" value="C:\Users\Admin\Desktop\MovieApp\MovieApp\MovieApp\movie-command-service"/>
    <property name="java.vm.compressedOopsMode" value="Zero based"/>
    <property name="line.separator" value="&#10;"/>
    <property name="java.vm.specification.vendor" value="Oracle Corporation"/>
    <property name="java.specification.name" value="Java Platform API Specification"/>
    <property name="FILE_LOG_CHARSET" value="UTF-8"/>
    <property name="java.awt.headless" value="true"/>
    <property name="surefire.real.class.path" value="C:\Users\Admin\AppData\Local\Temp\surefire4697229180801815822\surefirebooter-20240219205340993_3.jar"/>
    <property name="user.script" value=""/>
    <property name="sun.management.compiler" value="HotSpot 64-Bit Tiered Compilers"/>
    <property name="java.runtime.version" value="19.0.2+7-FR"/>
    <property name="user.name" value="Admin"/>
    <property name="stdout.encoding" value="Cp1250"/>
    <property name="path.separator" value=";"/>
    <property name="os.version" value="10.0"/>
    <property name="java.runtime.name" value="OpenJDK Runtime Environment"/>
    <property name="file.encoding" value="UTF-8"/>
    <property name="java.vm.name" value="OpenJDK 64-Bit Server VM"/>
    <property name="java.vendor.version" value="Corretto-19.0.2.7.1"/>
    <property name="localRepository" value="C:\Users\Admin\.m2\repository"/>
    <property name="java.vendor.url.bug" value="https://github.com/corretto/corretto-19/issues/"/>
    <property name="java.io.tmpdir" value="C:\Users\Admin\AppData\Local\Temp\"/>
    <property name="idea.version" value="2023.2.2"/>
    <property name="com.zaxxer.hikari.pool_number" value="1"/>
    <property name="java.version" value="19.0.2"/>
    <property name="user.dir" value="C:\Users\Admin\Desktop\MovieApp\MovieApp\MovieApp\movie-command-service"/>
    <property name="os.arch" value="amd64"/>
    <property name="java.vm.specification.name" value="Java Virtual Machine Specification"/>
    <property name="PID" value="21512"/>
    <property name="sun.os.patch.level" value=""/>
    <property name="CONSOLE_LOG_CHARSET" value="UTF-8"/>
    <property name="native.encoding" value="Cp1250"/>
    <property name="java.library.path" value="C:\Users\Admin\.jdks\corretto-19.0.2\bin;C:\WINDOWS\Sun\Java\bin;C:\WINDOWS\system32;C:\WINDOWS;C:\WINDOWS\system32;C:\WINDOWS;C:\WINDOWS\System32\Wbem;C:\WINDOWS\System32\WindowsPowerShell\v1.0\;C:\WINDOWS\System32\OpenSSH\;C:\Program Files\Microsoft SQL Server\150\Tools\Binn\;C:\Program Files\Microsoft SQL Server\Client SDK\ODBC\170\Tools\Binn\;C:\Program Files (x86)\Microsoft SQL Server\160\DTS\Binn\;C:\Program Files\Azure Data Studio\bin;C:\Program Files\Docker\Docker\resources\bin;C:\Program Files\dotnet\;C:\Program Files\NVIDIA Corporation\NVIDIA NvDLISR;C:\Program Files (x86)\NVIDIA Corporation\PhysX\Common;C:\Program Files\Java\jdk21.0.2_13\bin;C:\Users\Admin\AppData\Local\Microsoft\WindowsApps;;C:\Program Files\JetBrains\IntelliJ IDEA Community Edition 2023.2.2\bin;;C:\Program Files\Azure Data Studio\bin;C:\Users\Admin\AppData\Local\Programs\Microsoft VS Code\bin;C:\Program Files\sf\bin;C:\Users\Admin\.dotnet\tools;."/>
    <property name="java.vm.info" value="mixed mode, sharing"/>
    <property name="stderr.encoding" value="Cp1250"/>
    <property name="java.vendor" value="Amazon.com Inc."/>
    <property name="java.vm.version" value="19.0.2+7-FR"/>
    <property name="sun.io.unicode.encoding" value="UnicodeLittle"/>
    <property name="java.class.version" value="63.0"/>
  </properties>
  <testcase name="contextLoads" classname="com.moviecommandservice.MovieCommandServiceApplicationTests" time="0.578">
    <system-out><![CDATA[20:53:42.494 [main] INFO org.springframework.test.context.support.AnnotationConfigContextLoaderUtils -- Could not detect default configuration classes for test class [com.moviecommandservice.MovieCommandServiceApplicationTests]: MovieCommandServiceApplicationTests does not declare any static, non-private, non-final, nested classes annotated with @Configuration.
20:53:42.631 [main] INFO org.springframework.boot.test.context.SpringBootTestContextBootstrapper -- Found @SpringBootConfiguration com.moviecommandservice.MovieCommandServiceApplication for test class com.moviecommandservice.MovieCommandServiceApplicationTests

  .   ____          _            __ _ _
 /\\ / ___'_ __ _ _(_)_ __  __ _ \ \ \ \
( ( )\___ | '_ | '_| | '_ \/ _` | \ \ \ \
 \\/  ___)| |_)| | | | | || (_| |  ) ) ) )
  '  |____| .__|_| |_|_| |_\__, | / / / /
 =========|_|==============|___/=/_/_/_/
 :: Spring Boot ::                (v3.1.2)

2024-02-19T20:53:43.195+01:00  INFO 21512 --- [           main] c.m.MovieCommandServiceApplicationTests  : Starting MovieCommandServiceApplicationTests using Java 19.0.2 with PID 21512 (started by Admin in C:\Users\Admin\Desktop\MovieApp\MovieApp\MovieApp\movie-command-service)
2024-02-19T20:53:43.197+01:00  INFO 21512 --- [           main] c.m.MovieCommandServiceApplicationTests  : No active profile set, falling back to 1 default profile: "default"
2024-02-19T20:53:44.066+01:00  INFO 21512 --- [           main] .s.d.r.c.RepositoryConfigurationDelegate : Bootstrapping Spring Data JPA repositories in DEFAULT mode.
2024-02-19T20:53:44.207+01:00  INFO 21512 --- [           main] .s.d.r.c.RepositoryConfigurationDelegate : Finished Spring Data repository scanning in 131 ms. Found 1 JPA repository interfaces.
2024-02-19T20:53:44.745+01:00  INFO 21512 --- [           main] o.hibernate.jpa.internal.util.LogHelper  : HHH000204: Processing PersistenceUnitInfo [name: default]
2024-02-19T20:53:44.874+01:00  INFO 21512 --- [           main] org.hibernate.Version                    : HHH000412: Hibernate ORM core version 6.2.6.Final
2024-02-19T20:53:44.878+01:00  INFO 21512 --- [           main] org.hibernate.cfg.Environment            : HHH000406: Using bytecode reflection optimizer
2024-02-19T20:53:45.223+01:00  INFO 21512 --- [           main] o.h.b.i.BytecodeProviderInitiator        : HHH000021: Bytecode provider name : bytebuddy
2024-02-19T20:53:45.446+01:00  INFO 21512 --- [           main] o.s.o.j.p.SpringPersistenceUnitInfo      : No LoadTimeWeaver setup: ignoring JPA class transformer
2024-02-19T20:53:45.467+01:00  INFO 21512 --- [           main] com.zaxxer.hikari.HikariDataSource       : HikariPool-1 - Starting...
2024-02-19T20:53:45.728+01:00  INFO 21512 --- [           main] com.zaxxer.hikari.pool.HikariPool        : HikariPool-1 - Added connection org.postgresql.jdbc.PgConnection@6d35ff7b
2024-02-19T20:53:45.730+01:00  INFO 21512 --- [           main] com.zaxxer.hikari.HikariDataSource       : HikariPool-1 - Start completed.
2024-02-19T20:53:46.121+01:00  INFO 21512 --- [           main] o.h.b.i.BytecodeProviderInitiator        : HHH000021: Bytecode provider name : bytebuddy
2024-02-19T20:53:46.824+01:00  INFO 21512 --- [           main] o.h.e.t.j.p.i.JtaPlatformInitiator       : HHH000490: Using JtaPlatform implementation: [org.hibernate.engine.transaction.jta.platform.internal.NoJtaPlatform]
2024-02-19T20:53:46.922+01:00  INFO 21512 --- [           main] j.LocalContainerEntityManagerFactoryBean : Initialized JPA EntityManagerFactory for persistence unit 'default'
2024-02-19T20:53:47.387+01:00  WARN 21512 --- [           main] JpaBaseConfiguration$JpaWebConfiguration : spring.jpa.open-in-view is enabled by default. Therefore, database queries may be performed during view rendering. Explicitly configure spring.jpa.open-in-view to disable this warning
2024-02-19T20:53:47.769+01:00  INFO 21512 --- [           main] o.s.s.web.DefaultSecurityFilterChain     : Will secure any request with [org.springframework.security.web.session.DisableEncodeUrlFilter@19877453, org.springframework.security.web.context.request.async.WebAsyncManagerIntegrationFilter@49bf5ec8, org.springframework.security.web.context.SecurityContextHolderFilter@2eb0932c, org.springframework.security.web.header.HeaderWriterFilter@44c54463, org.springframework.security.web.authentication.logout.LogoutFilter@3ae91bcc, org.springframework.security.oauth2.server.resource.web.authentication.BearerTokenAuthenticationFilter@4a937d43, org.springframework.security.web.savedrequest.RequestCacheAwareFilter@6c120b00, org.springframework.security.web.servletapi.SecurityContextHolderAwareRequestFilter@d8a2b1b, org.springframework.security.web.authentication.AnonymousAuthenticationFilter@18174bd9, org.springframework.security.web.session.SessionManagementFilter@6939f18a, org.springframework.security.web.access.ExceptionTranslationFilter@1964ef9, org.springframework.security.web.access.intercept.FilterSecurityInterceptor@673e1cf2]
2024-02-19T20:53:48.720+01:00  INFO 21512 --- [           main] c.m.MovieCommandServiceApplicationTests  : Started MovieCommandServiceApplicationTests in 5.891 seconds (process running for 7.422)
]]></system-out>
  </testcase>
</testsuite>